<?xml version="1.0" encoding="UTF-8"?>
<!-- Generated by org.testng.reporters.JUnitReportReporter -->
<testsuite hostname="Sridhars-MacBook-Air.local" failures="0" tests="1" name="testCases.TC_001_AccountRegistrationTest" time="6.491" errors="0" timestamp="2023-03-29T17:27:03 AEDT" skipped="0">
  <testcase classname="testCases.TC_001_AccountRegistrationTest" name="testaccountregistartion" time="6.491"/>
  <system-out/>
</testsuite> <!-- testCases.TC_001_AccountRegistrationTest -->
