<?xml version="1.0" encoding="UTF-8"?>
<!-- Generated by org.testng.reporters.JUnitReportReporter -->
<testsuite hostname="Sridhars-MacBook-Air.local" failures="0" tests="1" name="testCases.TC_002_LoginTest" time="2.076" errors="0" timestamp="2023-03-29T17:27:03 AEDT" skipped="0">
  <testcase classname="testCases.TC_002_LoginTest" name="logintest" time="2.076"/>
  <system-out/>
</testsuite> <!-- testCases.TC_002_LoginTest -->
