<?xml version="1.0" encoding="UTF-8"?>
<!-- Generated by org.testng.reporters.JUnitReportReporter -->
<testsuite hostname="Sridhars-MacBook-Air.local" failures="0" tests="1" name="testCases.TC_002_LoginTest" time="2.040" errors="0" timestamp="2023-04-02T17:19:42 AEST" skipped="0">
  <testcase classname="testCases.TC_002_LoginTest" name="logintest" time="2.040"/>
  <system-out/>
</testsuite> <!-- testCases.TC_002_LoginTest -->
